Performing C SOURCE FILE Test CMAKE_HAVE_LIBC_PTHREAD failed with the following output:
<<<<<<< HEAD
Change Dir: /home/zhuyihang/SimEnv/build/CMakeFiles/CMakeTmp

Run Build Command(s):/usr/bin/make cmTC_9dd41/fast && /usr/bin/make -f CMakeFiles/cmTC_9dd41.dir/build.make CMakeFiles/cmTC_9dd41.dir/build
make[1]: 进入目录“/home/zhuyihang/SimEnv/build/CMakeFiles/CMakeTmp”
Building C object CMakeFiles/cmTC_9dd41.dir/src.c.o
/usr/bin/cc   -DCMAKE_HAVE_LIBC_PTHREAD   -o CMakeFiles/cmTC_9dd41.dir/src.c.o   -c /home/zhuyihang/SimEnv/build/CMakeFiles/CMakeTmp/src.c
Linking C executable cmTC_9dd41
/usr/bin/cmake -E cmake_link_script CMakeFiles/cmTC_9dd41.dir/link.txt --verbose=1
/usr/bin/cc  -DCMAKE_HAVE_LIBC_PTHREAD    -rdynamic CMakeFiles/cmTC_9dd41.dir/src.c.o  -o cmTC_9dd41 
/usr/bin/ld: CMakeFiles/cmTC_9dd41.dir/src.c.o: in function `main':
=======
Change Dir: /home/ros/Guoyulun/Competition/SimEnv/build/CMakeFiles/CMakeTmp

Run Build Command(s):/usr/bin/make cmTC_289f8/fast && /usr/bin/make -f CMakeFiles/cmTC_289f8.dir/build.make CMakeFiles/cmTC_289f8.dir/build
make[1]: Entering directory '/home/ros/Guoyulun/Competition/SimEnv/build/CMakeFiles/CMakeTmp'
Building C object CMakeFiles/cmTC_289f8.dir/src.c.o
/usr/bin/cc   -DCMAKE_HAVE_LIBC_PTHREAD   -o CMakeFiles/cmTC_289f8.dir/src.c.o   -c /home/ros/Guoyulun/Competition/SimEnv/build/CMakeFiles/CMakeTmp/src.c
Linking C executable cmTC_289f8
/usr/bin/cmake -E cmake_link_script CMakeFiles/cmTC_289f8.dir/link.txt --verbose=1
/usr/bin/cc  -DCMAKE_HAVE_LIBC_PTHREAD    -rdynamic CMakeFiles/cmTC_289f8.dir/src.c.o  -o cmTC_289f8 
/usr/bin/ld: CMakeFiles/cmTC_289f8.dir/src.c.o: in function `main':
>>>>>>> 9111f203e660e21b878434372b95dfe7792b118e
src.c:(.text+0x46): undefined reference to `pthread_create'
/usr/bin/ld: src.c:(.text+0x52): undefined reference to `pthread_detach'
/usr/bin/ld: src.c:(.text+0x63): undefined reference to `pthread_join'
collect2: error: ld returned 1 exit status
<<<<<<< HEAD
make[1]: *** [CMakeFiles/cmTC_9dd41.dir/build.make:87：cmTC_9dd41] 错误 1
make[1]: 离开目录“/home/zhuyihang/SimEnv/build/CMakeFiles/CMakeTmp”
make: *** [Makefile:121：cmTC_9dd41/fast] 错误 2
=======
make[1]: *** [CMakeFiles/cmTC_289f8.dir/build.make:87: cmTC_289f8] Error 1
make[1]: Leaving directory '/home/ros/Guoyulun/Competition/SimEnv/build/CMakeFiles/CMakeTmp'
make: *** [Makefile:121: cmTC_289f8/fast] Error 2
>>>>>>> 9111f203e660e21b878434372b95dfe7792b118e


Source file was:
#include <pthread.h>

void* test_func(void* data)
{
  return data;
}

int main(void)
{
  pthread_t thread;
  pthread_create(&thread, NULL, test_func, NULL);
  pthread_detach(thread);
  pthread_join(thread, NULL);
  pthread_atfork(NULL, NULL, NULL);
  pthread_exit(NULL);

  return 0;
}

Determining if the function pthread_create exists in the pthreads failed with the following output:
<<<<<<< HEAD
Change Dir: /home/zhuyihang/SimEnv/build/CMakeFiles/CMakeTmp

Run Build Command(s):/usr/bin/make cmTC_d8731/fast && /usr/bin/make -f CMakeFiles/cmTC_d8731.dir/build.make CMakeFiles/cmTC_d8731.dir/build
make[1]: 进入目录“/home/zhuyihang/SimEnv/build/CMakeFiles/CMakeTmp”
Building C object CMakeFiles/cmTC_d8731.dir/CheckFunctionExists.c.o
/usr/bin/cc   -DCHECK_FUNCTION_EXISTS=pthread_create   -o CMakeFiles/cmTC_d8731.dir/CheckFunctionExists.c.o   -c /usr/share/cmake-3.16/Modules/CheckFunctionExists.c
Linking C executable cmTC_d8731
/usr/bin/cmake -E cmake_link_script CMakeFiles/cmTC_d8731.dir/link.txt --verbose=1
/usr/bin/cc  -DCHECK_FUNCTION_EXISTS=pthread_create    -rdynamic CMakeFiles/cmTC_d8731.dir/CheckFunctionExists.c.o  -o cmTC_d8731  -lpthreads 
/usr/bin/ld: 找不到 -lpthreads
collect2: error: ld returned 1 exit status
make[1]: *** [CMakeFiles/cmTC_d8731.dir/build.make:87：cmTC_d8731] 错误 1
make[1]: 离开目录“/home/zhuyihang/SimEnv/build/CMakeFiles/CMakeTmp”
make: *** [Makefile:121：cmTC_d8731/fast] 错误 2
=======
Change Dir: /home/ros/Guoyulun/Competition/SimEnv/build/CMakeFiles/CMakeTmp

Run Build Command(s):/usr/bin/make cmTC_70162/fast && /usr/bin/make -f CMakeFiles/cmTC_70162.dir/build.make CMakeFiles/cmTC_70162.dir/build
make[1]: Entering directory '/home/ros/Guoyulun/Competition/SimEnv/build/CMakeFiles/CMakeTmp'
Building C object CMakeFiles/cmTC_70162.dir/CheckFunctionExists.c.o
/usr/bin/cc   -DCHECK_FUNCTION_EXISTS=pthread_create   -o CMakeFiles/cmTC_70162.dir/CheckFunctionExists.c.o   -c /usr/share/cmake-3.16/Modules/CheckFunctionExists.c
Linking C executable cmTC_70162
/usr/bin/cmake -E cmake_link_script CMakeFiles/cmTC_70162.dir/link.txt --verbose=1
/usr/bin/cc  -DCHECK_FUNCTION_EXISTS=pthread_create    -rdynamic CMakeFiles/cmTC_70162.dir/CheckFunctionExists.c.o  -o cmTC_70162  -lpthreads 
/usr/bin/ld: cannot find -lpthreads
collect2: error: ld returned 1 exit status
make[1]: *** [CMakeFiles/cmTC_70162.dir/build.make:87: cmTC_70162] Error 1
make[1]: Leaving directory '/home/ros/Guoyulun/Competition/SimEnv/build/CMakeFiles/CMakeTmp'
make: *** [Makefile:121: cmTC_70162/fast] Error 2
>>>>>>> 9111f203e660e21b878434372b95dfe7792b118e



